
> my-v0-project@0.1.0 start
> next start

  ▲ Next.js 14.2.25
  - Local:        http://localhost:3000

 ✓ Starting...
 ✓ Ready in 320ms
[2026-03-13T11:25:17.470Z] [INFO] [EmployeeDashboard]: Starting fetchData | Data: {"userId":999999}
[2026-03-13T11:25:18.007Z] [INFO] [EmployeeDashboard]: API responses received | Data: {"reportsStatus":500,"teamsStatus":500,"templatesStatus":500}
[2026-03-13T11:25:18.017Z] [INFO] [EmployeeDashboard]: Data parsed | Data: {"reportsCount":0,"teamsCount":0,"templatesCount":0}
[2026-03-13T11:25:18.026Z] [INFO] [EmployeeDashboard]: State updated successfully
[2026-03-13T11:25:59.978Z] [INFO] [EmployeeDashboard]: Starting fetchData | Data: {"userId":999999}
[2026-03-13T11:26:00.033Z] [INFO] [EmployeeDashboard]: API responses received | Data: {"reportsStatus":500,"teamsStatus":500,"templatesStatus":500}
[2026-03-13T11:26:00.040Z] [INFO] [EmployeeDashboard]: Data parsed | Data: {"reportsCount":0,"teamsCount":0,"templatesCount":0}
[2026-03-13T11:26:00.047Z] [INFO] [EmployeeDashboard]: State updated successfully
[2026-03-13T11:26:00.684Z] [INFO] [EmployeeDashboard]: Starting fetchData | Data: {"userId":999999}
[2026-03-13T11:26:00.737Z] [INFO] [EmployeeDashboard]: API responses received | Data: {"reportsStatus":500,"teamsStatus":500,"templatesStatus":500}
[2026-03-13T11:26:00.746Z] [INFO] [EmployeeDashboard]: Data parsed | Data: {"reportsCount":0,"teamsCount":0,"templatesCount":0}
[2026-03-13T11:26:00.753Z] [INFO] [EmployeeDashboard]: State updated successfully
[2026-03-13T11:26:00.982Z] [INFO] [EmployeeDashboard]: Starting fetchData | Data: {"userId":999999}
[2026-03-13T11:26:01.022Z] [INFO] [EmployeeDashboard]: API responses received | Data: {"reportsStatus":500,"teamsStatus":500,"templatesStatus":500}
[2026-03-13T11:26:01.037Z] [INFO] [EmployeeDashboard]: Data parsed | Data: {"reportsCount":0,"teamsCount":0,"templatesCount":0}
[2026-03-13T11:26:01.044Z] [INFO] [EmployeeDashboard]: State updated successfully
