Error fetching reports: AggregateError [ECONNREFUSED]: 
    at C:\Users\Based\Desktop\Project\reports-app\node_modules\pg-pool\index.js:45:11
    at process.processTicksAndRejections (node:internal/process/task_queues:105:5)
    at async y (C:\Users\Based\Desktop\Project\reports-app\.next\server\chunks\110.js:1:1687)
    at async H (C:\Users\Based\Desktop\Project\reports-app\.next\server\chunks\110.js:55:180)
    at async p (C:\Users\Based\Desktop\Project\reports-app\.next\server\app\api\reports\route.js:1:2272)
    at async C:\Users\Based\Desktop\Project\reports-app\node_modules\next\dist\compiled\next-server\app-route.runtime.prod.js:6:38411
    at async e_.execute (C:\Users\Based\Desktop\Project\reports-app\node_modules\next\dist\compiled\next-server\app-route.runtime.prod.js:6:27880)
    at async e_.handle (C:\Users\Based\Desktop\Project\reports-app\node_modules\next\dist\compiled\next-server\app-route.runtime.prod.js:6:39943)
    at async doRender (C:\Users\Based\Desktop\Project\reports-app\node_modules\next\dist\server\base-server.js:1366:42)
    at async cacheEntry.responseCache.get.routeKind (C:\Users\Based\Desktop\Project\reports-app\node_modules\next\dist\server\base-server.js:1588:28) {
  code: 'ECONNREFUSED',
  [errors]: [
    Error: connect ECONNREFUSED ::1:5432
        at createConnectionError (node:net:1678:14)
        at afterConnectMultiple (node:net:1708:16)
        at TCPConnectWrap.callbackTrampoline (node:internal/async_hooks:130:17) {
      errno: -4078,
      code: 'ECONNREFUSED',
      syscall: 'connect',
      address: '::1',
      port: 5432
    },
    Error: connect ECONNREFUSED 127.0.0.1:5432
        at createConnectionError (node:net:1678:14)
        at afterConnectMultiple (node:net:1708:16)
        at TCPConnectWrap.callbackTrampoline (node:internal/async_hooks:130:17) {
      errno: -4078,
      code: 'ECONNREFUSED',
      syscall: 'connect',
      address: '127.0.0.1',
      port: 5432
    }
  ]
}
Error fetching teams: AggregateError [ECONNREFUSED]: 
    at C:\Users\Based\Desktop\Project\reports-app\node_modules\pg-pool\index.js:45:11
    at process.processTicksAndRejections (node:internal/process/task_queues:105:5)
    at async y (C:\Users\Based\Desktop\Project\reports-app\.next\server\chunks\110.js:1:1687)
    at async G (C:\Users\Based\Desktop\Project\reports-app\.next\server\chunks\110.js:24:138)
    at async o (C:\Users\Based\Desktop\Project\reports-app\.next\server\app\api\teams\route.js:1:1466)
    at async C:\Users\Based\Desktop\Project\reports-app\node_modules\next\dist\compiled\next-server\app-route.runtime.prod.js:6:38411
    at async e_.execute (C:\Users\Based\Desktop\Project\reports-app\node_modules\next\dist\compiled\next-server\app-route.runtime.prod.js:6:27880)
    at async e_.handle (C:\Users\Based\Desktop\Project\reports-app\node_modules\next\dist\compiled\next-server\app-route.runtime.prod.js:6:39943)
    at async doRender (C:\Users\Based\Desktop\Project\reports-app\node_modules\next\dist\server\base-server.js:1366:42)
    at async cacheEntry.responseCache.get.routeKind (C:\Users\Based\Desktop\Project\reports-app\node_modules\next\dist\server\base-server.js:1588:28) {
  code: 'ECONNREFUSED',
  [errors]: [
    Error: connect ECONNREFUSED ::1:5432
        at createConnectionError (node:net:1678:14)
        at afterConnectMultiple (node:net:1708:16)
        at TCPConnectWrap.callbackTrampoline (node:internal/async_hooks:130:17) {
      errno: -4078,
      code: 'ECONNREFUSED',
      syscall: 'connect',
      address: '::1',
      port: 5432
    },
    Error: connect ECONNREFUSED 127.0.0.1:5432
        at createConnectionError (node:net:1678:14)
        at afterConnectMultiple (node:net:1708:16)
        at TCPConnectWrap.callbackTrampoline (node:internal/async_hooks:130:17) {
      errno: -4078,
      code: 'ECONNREFUSED',
      syscall: 'connect',
      address: '127.0.0.1',
      port: 5432
    }
  ]
}
Error fetching templates: AggregateError [ECONNREFUSED]: 
    at C:\Users\Based\Desktop\Project\reports-app\node_modules\pg-pool\index.js:45:11
    at process.processTicksAndRejections (node:internal/process/task_queues:105:5)
    at async y (C:\Users\Based\Desktop\Project\reports-app\.next\server\chunks\110.js:1:1687)
    at async A (C:\Users\Based\Desktop\Project\reports-app\.next\server\chunks\110.js:18:82)
    at async o (C:\Users\Based\Desktop\Project\reports-app\.next\server\app\api\templates\route.js:1:1466)
    at async C:\Users\Based\Desktop\Project\reports-app\node_modules\next\dist\compiled\next-server\app-route.runtime.prod.js:6:38411
    at async e_.execute (C:\Users\Based\Desktop\Project\reports-app\node_modules\next\dist\compiled\next-server\app-route.runtime.prod.js:6:27880)
    at async e_.handle (C:\Users\Based\Desktop\Project\reports-app\node_modules\next\dist\compiled\next-server\app-route.runtime.prod.js:6:39943)
    at async doRender (C:\Users\Based\Desktop\Project\reports-app\node_modules\next\dist\server\base-server.js:1366:42)
    at async cacheEntry.responseCache.get.routeKind (C:\Users\Based\Desktop\Project\reports-app\node_modules\next\dist\server\base-server.js:1588:28) {
  code: 'ECONNREFUSED',
  [errors]: [
    Error: connect ECONNREFUSED ::1:5432
        at createConnectionError (node:net:1678:14)
        at afterConnectMultiple (node:net:1708:16)
        at TCPConnectWrap.callbackTrampoline (node:internal/async_hooks:130:17) {
      errno: -4078,
      code: 'ECONNREFUSED',
      syscall: 'connect',
      address: '::1',
      port: 5432
    },
    Error: connect ECONNREFUSED 127.0.0.1:5432
        at createConnectionError (node:net:1678:14)
        at afterConnectMultiple (node:net:1708:16)
        at TCPConnectWrap.callbackTrampoline (node:internal/async_hooks:130:17) {
      errno: -4078,
      code: 'ECONNREFUSED',
      syscall: 'connect',
      address: '127.0.0.1',
      port: 5432
    }
  ]
}
Error fetching reports: AggregateError [ECONNREFUSED]: 
    at C:\Users\Based\Desktop\Project\reports-app\node_modules\pg-pool\index.js:45:11
    at process.processTicksAndRejections (node:internal/process/task_queues:105:5)
    at async y (C:\Users\Based\Desktop\Project\reports-app\.next\server\chunks\110.js:1:1687)
    at async H (C:\Users\Based\Desktop\Project\reports-app\.next\server\chunks\110.js:55:180)
    at async p (C:\Users\Based\Desktop\Project\reports-app\.next\server\app\api\reports\route.js:1:2272)
    at async C:\Users\Based\Desktop\Project\reports-app\node_modules\next\dist\compiled\next-server\app-route.runtime.prod.js:6:38411
    at async e_.execute (C:\Users\Based\Desktop\Project\reports-app\node_modules\next\dist\compiled\next-server\app-route.runtime.prod.js:6:27880)
    at async e_.handle (C:\Users\Based\Desktop\Project\reports-app\node_modules\next\dist\compiled\next-server\app-route.runtime.prod.js:6:39943)
    at async doRender (C:\Users\Based\Desktop\Project\reports-app\node_modules\next\dist\server\base-server.js:1366:42)
    at async cacheEntry.responseCache.get.routeKind (C:\Users\Based\Desktop\Project\reports-app\node_modules\next\dist\server\base-server.js:1588:28) {
  code: 'ECONNREFUSED',
  [errors]: [
    Error: connect ECONNREFUSED ::1:5432
        at createConnectionError (node:net:1678:14)
        at afterConnectMultiple (node:net:1708:16)
        at TCPConnectWrap.callbackTrampoline (node:internal/async_hooks:130:17) {
      errno: -4078,
      code: 'ECONNREFUSED',
      syscall: 'connect',
      address: '::1',
      port: 5432
    },
    Error: connect ECONNREFUSED 127.0.0.1:5432
        at createConnectionError (node:net:1678:14)
        at afterConnectMultiple (node:net:1708:16)
        at TCPConnectWrap.callbackTrampoline (node:internal/async_hooks:130:17) {
      errno: -4078,
      code: 'ECONNREFUSED',
      syscall: 'connect',
      address: '127.0.0.1',
      port: 5432
    }
  ]
}
Error fetching teams: AggregateError [ECONNREFUSED]: 
    at C:\Users\Based\Desktop\Project\reports-app\node_modules\pg-pool\index.js:45:11
    at process.processTicksAndRejections (node:internal/process/task_queues:105:5)
    at async y (C:\Users\Based\Desktop\Project\reports-app\.next\server\chunks\110.js:1:1687)
    at async G (C:\Users\Based\Desktop\Project\reports-app\.next\server\chunks\110.js:24:138)
    at async o (C:\Users\Based\Desktop\Project\reports-app\.next\server\app\api\teams\route.js:1:1466)
    at async C:\Users\Based\Desktop\Project\reports-app\node_modules\next\dist\compiled\next-server\app-route.runtime.prod.js:6:38411
    at async e_.execute (C:\Users\Based\Desktop\Project\reports-app\node_modules\next\dist\compiled\next-server\app-route.runtime.prod.js:6:27880)
    at async e_.handle (C:\Users\Based\Desktop\Project\reports-app\node_modules\next\dist\compiled\next-server\app-route.runtime.prod.js:6:39943)
    at async doRender (C:\Users\Based\Desktop\Project\reports-app\node_modules\next\dist\server\base-server.js:1366:42)
    at async cacheEntry.responseCache.get.routeKind (C:\Users\Based\Desktop\Project\reports-app\node_modules\next\dist\server\base-server.js:1588:28) {
  code: 'ECONNREFUSED',
  [errors]: [
    Error: connect ECONNREFUSED ::1:5432
        at createConnectionError (node:net:1678:14)
        at afterConnectMultiple (node:net:1708:16)
        at TCPConnectWrap.callbackTrampoline (node:internal/async_hooks:130:17) {
      errno: -4078,
      code: 'ECONNREFUSED',
      syscall: 'connect',
      address: '::1',
      port: 5432
    },
    Error: connect ECONNREFUSED 127.0.0.1:5432
        at createConnectionError (node:net:1678:14)
        at afterConnectMultiple (node:net:1708:16)
        at TCPConnectWrap.callbackTrampoline (node:internal/async_hooks:130:17) {
      errno: -4078,
      code: 'ECONNREFUSED',
      syscall: 'connect',
      address: '127.0.0.1',
      port: 5432
    }
  ]
}
Error fetching templates: AggregateError [ECONNREFUSED]: 
    at C:\Users\Based\Desktop\Project\reports-app\node_modules\pg-pool\index.js:45:11
    at process.processTicksAndRejections (node:internal/process/task_queues:105:5)
    at async y (C:\Users\Based\Desktop\Project\reports-app\.next\server\chunks\110.js:1:1687)
    at async A (C:\Users\Based\Desktop\Project\reports-app\.next\server\chunks\110.js:18:82)
    at async o (C:\Users\Based\Desktop\Project\reports-app\.next\server\app\api\templates\route.js:1:1466)
    at async C:\Users\Based\Desktop\Project\reports-app\node_modules\next\dist\compiled\next-server\app-route.runtime.prod.js:6:38411
    at async e_.execute (C:\Users\Based\Desktop\Project\reports-app\node_modules\next\dist\compiled\next-server\app-route.runtime.prod.js:6:27880)
    at async e_.handle (C:\Users\Based\Desktop\Project\reports-app\node_modules\next\dist\compiled\next-server\app-route.runtime.prod.js:6:39943)
    at async doRender (C:\Users\Based\Desktop\Project\reports-app\node_modules\next\dist\server\base-server.js:1366:42)
    at async cacheEntry.responseCache.get.routeKind (C:\Users\Based\Desktop\Project\reports-app\node_modules\next\dist\server\base-server.js:1588:28) {
  code: 'ECONNREFUSED',
  [errors]: [
    Error: connect ECONNREFUSED ::1:5432
        at createConnectionError (node:net:1678:14)
        at afterConnectMultiple (node:net:1708:16)
        at TCPConnectWrap.callbackTrampoline (node:internal/async_hooks:130:17) {
      errno: -4078,
      code: 'ECONNREFUSED',
      syscall: 'connect',
      address: '::1',
      port: 5432
    },
    Error: connect ECONNREFUSED 127.0.0.1:5432
        at createConnectionError (node:net:1678:14)
        at afterConnectMultiple (node:net:1708:16)
        at TCPConnectWrap.callbackTrampoline (node:internal/async_hooks:130:17) {
      errno: -4078,
      code: 'ECONNREFUSED',
      syscall: 'connect',
      address: '127.0.0.1',
      port: 5432
    }
  ]
}
Error fetching reports: AggregateError [ECONNREFUSED]: 
    at C:\Users\Based\Desktop\Project\reports-app\node_modules\pg-pool\index.js:45:11
    at process.processTicksAndRejections (node:internal/process/task_queues:105:5)
    at async y (C:\Users\Based\Desktop\Project\reports-app\.next\server\chunks\110.js:1:1687)
    at async H (C:\Users\Based\Desktop\Project\reports-app\.next\server\chunks\110.js:55:180)
    at async p (C:\Users\Based\Desktop\Project\reports-app\.next\server\app\api\reports\route.js:1:2272)
    at async C:\Users\Based\Desktop\Project\reports-app\node_modules\next\dist\compiled\next-server\app-route.runtime.prod.js:6:38411
    at async e_.execute (C:\Users\Based\Desktop\Project\reports-app\node_modules\next\dist\compiled\next-server\app-route.runtime.prod.js:6:27880)
    at async e_.handle (C:\Users\Based\Desktop\Project\reports-app\node_modules\next\dist\compiled\next-server\app-route.runtime.prod.js:6:39943)
    at async doRender (C:\Users\Based\Desktop\Project\reports-app\node_modules\next\dist\server\base-server.js:1366:42)
    at async cacheEntry.responseCache.get.routeKind (C:\Users\Based\Desktop\Project\reports-app\node_modules\next\dist\server\base-server.js:1588:28) {
  code: 'ECONNREFUSED',
  [errors]: [
    Error: connect ECONNREFUSED ::1:5432
        at createConnectionError (node:net:1678:14)
        at afterConnectMultiple (node:net:1708:16)
        at TCPConnectWrap.callbackTrampoline (node:internal/async_hooks:130:17) {
      errno: -4078,
      code: 'ECONNREFUSED',
      syscall: 'connect',
      address: '::1',
      port: 5432
    },
    Error: connect ECONNREFUSED 127.0.0.1:5432
        at createConnectionError (node:net:1678:14)
        at afterConnectMultiple (node:net:1708:16)
        at TCPConnectWrap.callbackTrampoline (node:internal/async_hooks:130:17) {
      errno: -4078,
      code: 'ECONNREFUSED',
      syscall: 'connect',
      address: '127.0.0.1',
      port: 5432
    }
  ]
}
Error fetching teams: AggregateError [ECONNREFUSED]: 
    at C:\Users\Based\Desktop\Project\reports-app\node_modules\pg-pool\index.js:45:11
    at process.processTicksAndRejections (node:internal/process/task_queues:105:5)
    at async y (C:\Users\Based\Desktop\Project\reports-app\.next\server\chunks\110.js:1:1687)
    at async G (C:\Users\Based\Desktop\Project\reports-app\.next\server\chunks\110.js:24:138)
    at async o (C:\Users\Based\Desktop\Project\reports-app\.next\server\app\api\teams\route.js:1:1466)
    at async C:\Users\Based\Desktop\Project\reports-app\node_modules\next\dist\compiled\next-server\app-route.runtime.prod.js:6:38411
    at async e_.execute (C:\Users\Based\Desktop\Project\reports-app\node_modules\next\dist\compiled\next-server\app-route.runtime.prod.js:6:27880)
    at async e_.handle (C:\Users\Based\Desktop\Project\reports-app\node_modules\next\dist\compiled\next-server\app-route.runtime.prod.js:6:39943)
    at async doRender (C:\Users\Based\Desktop\Project\reports-app\node_modules\next\dist\server\base-server.js:1366:42)
    at async cacheEntry.responseCache.get.routeKind (C:\Users\Based\Desktop\Project\reports-app\node_modules\next\dist\server\base-server.js:1588:28) {
  code: 'ECONNREFUSED',
  [errors]: [
    Error: connect ECONNREFUSED ::1:5432
        at createConnectionError (node:net:1678:14)
        at afterConnectMultiple (node:net:1708:16)
        at TCPConnectWrap.callbackTrampoline (node:internal/async_hooks:130:17) {
      errno: -4078,
      code: 'ECONNREFUSED',
      syscall: 'connect',
      address: '::1',
      port: 5432
    },
    Error: connect ECONNREFUSED 127.0.0.1:5432
        at createConnectionError (node:net:1678:14)
        at afterConnectMultiple (node:net:1708:16)
        at TCPConnectWrap.callbackTrampoline (node:internal/async_hooks:130:17) {
      errno: -4078,
      code: 'ECONNREFUSED',
      syscall: 'connect',
      address: '127.0.0.1',
      port: 5432
    }
  ]
}
Error fetching templates: AggregateError [ECONNREFUSED]: 
    at C:\Users\Based\Desktop\Project\reports-app\node_modules\pg-pool\index.js:45:11
    at process.processTicksAndRejections (node:internal/process/task_queues:105:5)
    at async y (C:\Users\Based\Desktop\Project\reports-app\.next\server\chunks\110.js:1:1687)
    at async A (C:\Users\Based\Desktop\Project\reports-app\.next\server\chunks\110.js:18:82)
    at async o (C:\Users\Based\Desktop\Project\reports-app\.next\server\app\api\templates\route.js:1:1466)
    at async C:\Users\Based\Desktop\Project\reports-app\node_modules\next\dist\compiled\next-server\app-route.runtime.prod.js:6:38411
    at async e_.execute (C:\Users\Based\Desktop\Project\reports-app\node_modules\next\dist\compiled\next-server\app-route.runtime.prod.js:6:27880)
    at async e_.handle (C:\Users\Based\Desktop\Project\reports-app\node_modules\next\dist\compiled\next-server\app-route.runtime.prod.js:6:39943)
    at async doRender (C:\Users\Based\Desktop\Project\reports-app\node_modules\next\dist\server\base-server.js:1366:42)
    at async cacheEntry.responseCache.get.routeKind (C:\Users\Based\Desktop\Project\reports-app\node_modules\next\dist\server\base-server.js:1588:28) {
  code: 'ECONNREFUSED',
  [errors]: [
    Error: connect ECONNREFUSED ::1:5432
        at createConnectionError (node:net:1678:14)
        at afterConnectMultiple (node:net:1708:16)
        at TCPConnectWrap.callbackTrampoline (node:internal/async_hooks:130:17) {
      errno: -4078,
      code: 'ECONNREFUSED',
      syscall: 'connect',
      address: '::1',
      port: 5432
    },
    Error: connect ECONNREFUSED 127.0.0.1:5432
        at createConnectionError (node:net:1678:14)
        at afterConnectMultiple (node:net:1708:16)
        at TCPConnectWrap.callbackTrampoline (node:internal/async_hooks:130:17) {
      errno: -4078,
      code: 'ECONNREFUSED',
      syscall: 'connect',
      address: '127.0.0.1',
      port: 5432
    }
  ]
}
Error fetching reports: AggregateError [ECONNREFUSED]: 
    at C:\Users\Based\Desktop\Project\reports-app\node_modules\pg-pool\index.js:45:11
    at process.processTicksAndRejections (node:internal/process/task_queues:105:5)
    at async y (C:\Users\Based\Desktop\Project\reports-app\.next\server\chunks\110.js:1:1687)
    at async H (C:\Users\Based\Desktop\Project\reports-app\.next\server\chunks\110.js:55:180)
    at async p (C:\Users\Based\Desktop\Project\reports-app\.next\server\app\api\reports\route.js:1:2272)
    at async C:\Users\Based\Desktop\Project\reports-app\node_modules\next\dist\compiled\next-server\app-route.runtime.prod.js:6:38411
    at async e_.execute (C:\Users\Based\Desktop\Project\reports-app\node_modules\next\dist\compiled\next-server\app-route.runtime.prod.js:6:27880)
    at async e_.handle (C:\Users\Based\Desktop\Project\reports-app\node_modules\next\dist\compiled\next-server\app-route.runtime.prod.js:6:39943)
    at async doRender (C:\Users\Based\Desktop\Project\reports-app\node_modules\next\dist\server\base-server.js:1366:42)
    at async cacheEntry.responseCache.get.routeKind (C:\Users\Based\Desktop\Project\reports-app\node_modules\next\dist\server\base-server.js:1588:28) {
  code: 'ECONNREFUSED',
  [errors]: [
    Error: connect ECONNREFUSED ::1:5432
        at createConnectionError (node:net:1678:14)
        at afterConnectMultiple (node:net:1708:16)
        at TCPConnectWrap.callbackTrampoline (node:internal/async_hooks:130:17) {
      errno: -4078,
      code: 'ECONNREFUSED',
      syscall: 'connect',
      address: '::1',
      port: 5432
    },
    Error: connect ECONNREFUSED 127.0.0.1:5432
        at createConnectionError (node:net:1678:14)
        at afterConnectMultiple (node:net:1708:16)
        at TCPConnectWrap.callbackTrampoline (node:internal/async_hooks:130:17) {
      errno: -4078,
      code: 'ECONNREFUSED',
      syscall: 'connect',
      address: '127.0.0.1',
      port: 5432
    }
  ]
}
Error fetching teams: AggregateError [ECONNREFUSED]: 
    at C:\Users\Based\Desktop\Project\reports-app\node_modules\pg-pool\index.js:45:11
    at process.processTicksAndRejections (node:internal/process/task_queues:105:5)
    at async y (C:\Users\Based\Desktop\Project\reports-app\.next\server\chunks\110.js:1:1687)
    at async G (C:\Users\Based\Desktop\Project\reports-app\.next\server\chunks\110.js:24:138)
    at async o (C:\Users\Based\Desktop\Project\reports-app\.next\server\app\api\teams\route.js:1:1466)
    at async C:\Users\Based\Desktop\Project\reports-app\node_modules\next\dist\compiled\next-server\app-route.runtime.prod.js:6:38411
    at async e_.execute (C:\Users\Based\Desktop\Project\reports-app\node_modules\next\dist\compiled\next-server\app-route.runtime.prod.js:6:27880)
    at async e_.handle (C:\Users\Based\Desktop\Project\reports-app\node_modules\next\dist\compiled\next-server\app-route.runtime.prod.js:6:39943)
    at async doRender (C:\Users\Based\Desktop\Project\reports-app\node_modules\next\dist\server\base-server.js:1366:42)
    at async cacheEntry.responseCache.get.routeKind (C:\Users\Based\Desktop\Project\reports-app\node_modules\next\dist\server\base-server.js:1588:28) {
  code: 'ECONNREFUSED',
  [errors]: [
    Error: connect ECONNREFUSED ::1:5432
        at createConnectionError (node:net:1678:14)
        at afterConnectMultiple (node:net:1708:16)
        at TCPConnectWrap.callbackTrampoline (node:internal/async_hooks:130:17) {
      errno: -4078,
      code: 'ECONNREFUSED',
      syscall: 'connect',
      address: '::1',
      port: 5432
    },
    Error: connect ECONNREFUSED 127.0.0.1:5432
        at createConnectionError (node:net:1678:14)
        at afterConnectMultiple (node:net:1708:16)
        at TCPConnectWrap.callbackTrampoline (node:internal/async_hooks:130:17) {
      errno: -4078,
      code: 'ECONNREFUSED',
      syscall: 'connect',
      address: '127.0.0.1',
      port: 5432
    }
  ]
}
Error fetching templates: AggregateError [ECONNREFUSED]: 
    at C:\Users\Based\Desktop\Project\reports-app\node_modules\pg-pool\index.js:45:11
    at process.processTicksAndRejections (node:internal/process/task_queues:105:5)
    at async y (C:\Users\Based\Desktop\Project\reports-app\.next\server\chunks\110.js:1:1687)
    at async A (C:\Users\Based\Desktop\Project\reports-app\.next\server\chunks\110.js:18:82)
    at async o (C:\Users\Based\Desktop\Project\reports-app\.next\server\app\api\templates\route.js:1:1466)
    at async C:\Users\Based\Desktop\Project\reports-app\node_modules\next\dist\compiled\next-server\app-route.runtime.prod.js:6:38411
    at async e_.execute (C:\Users\Based\Desktop\Project\reports-app\node_modules\next\dist\compiled\next-server\app-route.runtime.prod.js:6:27880)
    at async e_.handle (C:\Users\Based\Desktop\Project\reports-app\node_modules\next\dist\compiled\next-server\app-route.runtime.prod.js:6:39943)
    at async doRender (C:\Users\Based\Desktop\Project\reports-app\node_modules\next\dist\server\base-server.js:1366:42)
    at async cacheEntry.responseCache.get.routeKind (C:\Users\Based\Desktop\Project\reports-app\node_modules\next\dist\server\base-server.js:1588:28) {
  code: 'ECONNREFUSED',
  [errors]: [
    Error: connect ECONNREFUSED ::1:5432
        at createConnectionError (node:net:1678:14)
        at afterConnectMultiple (node:net:1708:16)
        at TCPConnectWrap.callbackTrampoline (node:internal/async_hooks:130:17) {
      errno: -4078,
      code: 'ECONNREFUSED',
      syscall: 'connect',
      address: '::1',
      port: 5432
    },
    Error: connect ECONNREFUSED 127.0.0.1:5432
        at createConnectionError (node:net:1678:14)
        at afterConnectMultiple (node:net:1708:16)
        at TCPConnectWrap.callbackTrampoline (node:internal/async_hooks:130:17) {
      errno: -4078,
      code: 'ECONNREFUSED',
      syscall: 'connect',
      address: '127.0.0.1',
      port: 5432
    }
  ]
}
^C